[ 2017-05-06T16:07:28+08:00 ] ::1 /Campus/index.php/Application/Academic_exchange/Controller/IndexController.class.php
INFO: [ app_init ] --START--
INFO: Run Behavior\BuildLiteBehavior [ RunTime:0.000074s ]
INFO: [ app_init ] --END-- [ RunTime:0.011801s ]
ERR: 无法加载模块:Application

[ 2017-05-06T16:07:35+08:00 ] ::1 /Campus/index.php/Application
INFO: [ app_init ] --START--
INFO: Run Behavior\BuildLiteBehavior [ RunTime:0.000042s ]
INFO: [ app_init ] --END-- [ RunTime:0.000983s ]
ERR: 无法加载模块:Application

[ 2017-05-06T16:10:24+08:00 ] ::1 /Campus/index.php/Application
INFO: [ app_init ] --START--
INFO: Run Behavior\BuildLiteBehavior [ RunTime:0.000043s ]
INFO: [ app_init ] --END-- [ RunTime:0.001018s ]
ERR: 无法加载模块:Application

[ 2017-05-06T16:15:51+08:00 ] ::1 /Campus/index.php/Application
INFO: [ app_init ] --START--
INFO: Run Behavior\BuildLiteBehavior [ RunTime:0.000064s ]
INFO: [ app_init ] --END-- [ RunTime:0.001554s ]
ERR: 无法加载模块:Application

[ 2017-05-06T16:16:50+08:00 ] ::1 /Campus/index.php/Index
INFO: [ app_init ] --START--
INFO: Run Behavior\BuildLiteBehavior [ RunTime:0.000043s ]
INFO: [ app_init ] --END-- [ RunTime:0.000952s ]
ERR: 无法加载模块:Index

[ 2017-05-06T16:17:03+08:00 ] ::1 /Campus/index.php/Application
INFO: [ app_init ] --START--
INFO: Run Behavior\BuildLiteBehavior [ RunTime:0.000045s ]
INFO: [ app_init ] --END-- [ RunTime:0.000937s ]
ERR: 无法加载模块:Application

[ 2017-05-06T16:19:52+08:00 ] ::1 /Campus/index.php/Application
INFO: [ app_init ] --START--
INFO: Run Behavior\BuildLiteBehavior [ RunTime:0.000040s ]
INFO: [ app_init ] --END-- [ RunTime:0.000820s ]
ERR: 无法加载模块:Application

[ 2017-05-06T16:53:25+08:00 ] ::1 /Campus/index.php/Application/Academic_exchange/Index/
INFO: [ app_init ] --START--
INFO: Run Behavior\BuildLiteBehavior [ RunTime:0.000074s ]
INFO: [ app_init ] --END-- [ RunTime:0.046049s ]
ERR: 无法加载模块:Application

[ 2017-05-06T16:53:55+08:00 ] ::1 /Campus/index.php/Application
INFO: [ app_init ] --START--
INFO: Run Behavior\BuildLiteBehavior [ RunTime:0.000039s ]
INFO: [ app_init ] --END-- [ RunTime:0.000860s ]
ERR: 无法加载模块:Application

[ 2017-05-06T17:20:29+08:00 ] ::1 /Campus/index.php/Application
INFO: [ app_init ] --START--
INFO: Run Behavior\BuildLiteBehavior [ RunTime:0.000044s ]
INFO: [ app_init ] --END-- [ RunTime:0.001314s ]
ERR: 无法加载模块:Application

