[ 2017-05-19T20:16:15+08:00 ] ::1 /Campus/index.php/dist/img/qq/2.gif
INFO: [ app_init ] --START--
INFO: Run Behavior\BuildLiteBehavior [ RunTime:0.000112s ]
INFO: [ app_init ] --END-- [ RunTime:0.001257s ]
ERR: 无法加载模块:Dist

[ 2017-05-19T20:16:15+08:00 ] ::1 /Campus/index.php/dist/img/qq/5.gif
INFO: [ app_init ] --START--
INFO: Run Behavior\BuildLiteBehavior [ RunTime:0.000157s ]
INFO: [ app_init ] --END-- [ RunTime:0.001766s ]
ERR: 无法加载模块:Dist

[ 2017-05-19T20:16:15+08:00 ] ::1 /Campus/index.php/dist/img/qq/3.gif
INFO: [ app_init ] --START--
INFO: Run Behavior\BuildLiteBehavior [ RunTime:0.000115s ]
INFO: [ app_init ] --END-- [ RunTime:0.001747s ]
ERR: 无法加载模块:Dist

[ 2017-05-19T20:16:15+08:00 ] ::1 /Campus/index.php/dist/img/qq/7.gif
INFO: [ app_init ] --START--
INFO: Run Behavior\BuildLiteBehavior [ RunTime:0.000064s ]
INFO: [ app_init ] --END-- [ RunTime:0.001223s ]
ERR: 无法加载模块:Dist

[ 2017-05-19T20:16:15+08:00 ] ::1 /Campus/index.php/dist/img/qq/4.gif
INFO: [ app_init ] --START--
INFO: Run Behavior\BuildLiteBehavior [ RunTime:0.000065s ]
INFO: [ app_init ] --END-- [ RunTime:0.001298s ]
ERR: 无法加载模块:Dist

[ 2017-05-19T20:16:15+08:00 ] ::1 /Campus/index.php/dist/img/qq/1.gif
INFO: [ app_init ] --START--
INFO: Run Behavior\BuildLiteBehavior [ RunTime:0.000067s ]
INFO: [ app_init ] --END-- [ RunTime:0.001251s ]
ERR: 无法加载模块:Dist

[ 2017-05-19T20:16:15+08:00 ] ::1 /Campus/index.php/dist/img/qq/11.gif
INFO: [ app_init ] --START--
INFO: Run Behavior\BuildLiteBehavior [ RunTime:0.000065s ]
INFO: [ app_init ] --END-- [ RunTime:0.001195s ]
ERR: 无法加载模块:Dist

[ 2017-05-19T20:16:15+08:00 ] ::1 /Campus/index.php/dist/img/qq/8.gif
INFO: [ app_init ] --START--
INFO: Run Behavior\BuildLiteBehavior [ RunTime:0.000065s ]
INFO: [ app_init ] --END-- [ RunTime:0.001249s ]
ERR: 无法加载模块:Dist

[ 2017-05-19T20:16:15+08:00 ] ::1 /Campus/index.php/dist/img/qq/6.gif
INFO: [ app_init ] --START--
INFO: Run Behavior\BuildLiteBehavior [ RunTime:0.000069s ]
INFO: [ app_init ] --END-- [ RunTime:0.004862s ]
ERR: 无法加载模块:Dist

[ 2017-05-19T20:16:15+08:00 ] ::1 /Campus/index.php/dist/img/qq/10.gif
INFO: [ app_init ] --START--
INFO: Run Behavior\BuildLiteBehavior [ RunTime:0.000067s ]
INFO: [ app_init ] --END-- [ RunTime:0.019247s ]
ERR: 无法加载模块:Dist

[ 2017-05-19T20:16:15+08:00 ] ::1 /Campus/index.php/dist/img/qq/9.gif
INFO: [ app_init ] --START--
INFO: Run Behavior\BuildLiteBehavior [ RunTime:0.000122s ]
INFO: [ app_init ] --END-- [ RunTime:0.001994s ]
ERR: 无法加载模块:Dist

[ 2017-05-19T20:16:15+08:00 ] ::1 /Campus/index.php/dist/img/qq/14.gif
INFO: [ app_init ] --START--
INFO: Run Behavior\BuildLiteBehavior [ RunTime:0.000376s ]
INFO: [ app_init ] --END-- [ RunTime:0.002786s ]
ERR: 无法加载模块:Dist

[ 2017-05-19T20:16:15+08:00 ] ::1 /Campus/index.php/dist/img/qq/16.gif
INFO: [ app_init ] --START--
INFO: Run Behavior\BuildLiteBehavior [ RunTime:0.000058s ]
INFO: [ app_init ] --END-- [ RunTime:0.001402s ]
ERR: 无法加载模块:Dist

[ 2017-05-19T20:16:15+08:00 ] ::1 /Campus/index.php/dist/img/qq/17.gif
INFO: [ app_init ] --START--
INFO: Run Behavior\BuildLiteBehavior [ RunTime:0.000061s ]
INFO: [ app_init ] --END-- [ RunTime:0.001637s ]
ERR: 无法加载模块:Dist

[ 2017-05-19T20:16:15+08:00 ] ::1 /Campus/index.php/dist/img/qq/18.gif
INFO: [ app_init ] --START--
INFO: Run Behavior\BuildLiteBehavior [ RunTime:0.000066s ]
INFO: [ app_init ] --END-- [ RunTime:0.001665s ]
ERR: 无法加载模块:Dist

[ 2017-05-19T20:16:15+08:00 ] ::1 /Campus/index.php/dist/img/qq/13.gif
INFO: [ app_init ] --START--
INFO: Run Behavior\BuildLiteBehavior [ RunTime:0.000063s ]
INFO: [ app_init ] --END-- [ RunTime:0.001168s ]
ERR: 无法加载模块:Dist

[ 2017-05-19T20:16:15+08:00 ] ::1 /Campus/index.php/dist/img/qq/19.gif
INFO: [ app_init ] --START--
INFO: Run Behavior\BuildLiteBehavior [ RunTime:0.000066s ]
INFO: [ app_init ] --END-- [ RunTime:0.001155s ]
ERR: 无法加载模块:Dist

[ 2017-05-19T20:16:15+08:00 ] ::1 /Campus/index.php/dist/img/qq/23.gif
INFO: [ app_init ] --START--
INFO: Run Behavior\BuildLiteBehavior [ RunTime:0.000065s ]
INFO: [ app_init ] --END-- [ RunTime:0.001443s ]
ERR: 无法加载模块:Dist

[ 2017-05-19T20:16:15+08:00 ] ::1 /Campus/index.php/dist/img/qq/21.gif
INFO: [ app_init ] --START--
INFO: Run Behavior\BuildLiteBehavior [ RunTime:0.000068s ]
INFO: [ app_init ] --END-- [ RunTime:0.001302s ]
ERR: 无法加载模块:Dist

[ 2017-05-19T20:16:15+08:00 ] ::1 /Campus/index.php/dist/img/qq/12.gif
INFO: [ app_init ] --START--
INFO: Run Behavior\BuildLiteBehavior [ RunTime:0.000070s ]
INFO: [ app_init ] --END-- [ RunTime:0.003800s ]
ERR: 无法加载模块:Dist

[ 2017-05-19T20:16:15+08:00 ] ::1 /Campus/index.php/dist/img/qq/15.gif
INFO: [ app_init ] --START--
INFO: Run Behavior\BuildLiteBehavior [ RunTime:0.000067s ]
INFO: [ app_init ] --END-- [ RunTime:0.001343s ]
ERR: 无法加载模块:Dist

[ 2017-05-19T20:16:15+08:00 ] ::1 /Campus/index.php/dist/img/qq/25.gif
INFO: [ app_init ] --START--
INFO: Run Behavior\BuildLiteBehavior [ RunTime:0.000128s ]
INFO: [ app_init ] --END-- [ RunTime:0.001319s ]
ERR: 无法加载模块:Dist

[ 2017-05-19T20:16:15+08:00 ] ::1 /Campus/index.php/dist/img/qq/24.gif
INFO: [ app_init ] --START--
INFO: Run Behavior\BuildLiteBehavior [ RunTime:0.000067s ]
INFO: [ app_init ] --END-- [ RunTime:0.001190s ]
ERR: 无法加载模块:Dist

[ 2017-05-19T20:16:15+08:00 ] ::1 /Campus/index.php/dist/img/qq/26.gif
INFO: [ app_init ] --START--
INFO: Run Behavior\BuildLiteBehavior [ RunTime:0.000068s ]
INFO: [ app_init ] --END-- [ RunTime:0.001496s ]
ERR: 无法加载模块:Dist

[ 2017-05-19T20:16:15+08:00 ] ::1 /Campus/index.php/dist/img/qq/27.gif
INFO: [ app_init ] --START--
INFO: Run Behavior\BuildLiteBehavior [ RunTime:0.000068s ]
INFO: [ app_init ] --END-- [ RunTime:0.002956s ]
ERR: 无法加载模块:Dist

[ 2017-05-19T20:16:15+08:00 ] ::1 /Campus/index.php/dist/img/qq/20.gif
INFO: [ app_init ] --START--
INFO: Run Behavior\BuildLiteBehavior [ RunTime:0.000114s ]
INFO: [ app_init ] --END-- [ RunTime:0.001686s ]
ERR: 无法加载模块:Dist

[ 2017-05-19T20:16:15+08:00 ] ::1 /Campus/index.php/dist/img/qq/30.gif
INFO: [ app_init ] --START--
INFO: Run Behavior\BuildLiteBehavior [ RunTime:0.000070s ]
INFO: [ app_init ] --END-- [ RunTime:0.001357s ]
ERR: 无法加载模块:Dist

[ 2017-05-19T20:16:15+08:00 ] ::1 /Campus/index.php/dist/img/qq/31.gif
INFO: [ app_init ] --START--
INFO: Run Behavior\BuildLiteBehavior [ RunTime:0.000061s ]
INFO: [ app_init ] --END-- [ RunTime:0.001196s ]
ERR: 无法加载模块:Dist

[ 2017-05-19T20:16:15+08:00 ] ::1 /Campus/index.php/dist/img/qq/22.gif
INFO: [ app_init ] --START--
INFO: Run Behavior\BuildLiteBehavior [ RunTime:0.000066s ]
INFO: [ app_init ] --END-- [ RunTime:0.001328s ]
ERR: 无法加载模块:Dist

[ 2017-05-19T20:16:15+08:00 ] ::1 /Campus/index.php/dist/img/qq/32.gif
INFO: [ app_init ] --START--
INFO: Run Behavior\BuildLiteBehavior [ RunTime:0.000137s ]
INFO: [ app_init ] --END-- [ RunTime:0.001849s ]
ERR: 无法加载模块:Dist

[ 2017-05-19T20:16:15+08:00 ] ::1 /Campus/index.php/dist/img/qq/28.gif
INFO: [ app_init ] --START--
INFO: Run Behavior\BuildLiteBehavior [ RunTime:0.000115s ]
INFO: [ app_init ] --END-- [ RunTime:0.003310s ]
ERR: 无法加载模块:Dist

[ 2017-05-19T20:16:15+08:00 ] ::1 /Campus/index.php/dist/img/qq/34.gif
INFO: [ app_init ] --START--
INFO: Run Behavior\BuildLiteBehavior [ RunTime:0.000065s ]
INFO: [ app_init ] --END-- [ RunTime:0.001434s ]
ERR: 无法加载模块:Dist

[ 2017-05-19T20:16:15+08:00 ] ::1 /Campus/index.php/dist/img/qq/35.gif
INFO: [ app_init ] --START--
INFO: Run Behavior\BuildLiteBehavior [ RunTime:0.000354s ]
INFO: [ app_init ] --END-- [ RunTime:0.003118s ]
ERR: 无法加载模块:Dist

[ 2017-05-19T20:16:15+08:00 ] ::1 /Campus/index.php/dist/img/qq/29.gif
INFO: [ app_init ] --START--
INFO: Run Behavior\BuildLiteBehavior [ RunTime:0.000072s ]
INFO: [ app_init ] --END-- [ RunTime:0.004059s ]
ERR: 无法加载模块:Dist

[ 2017-05-19T20:16:15+08:00 ] ::1 /Campus/index.php/dist/img/qq/37.gif
INFO: [ app_init ] --START--
INFO: Run Behavior\BuildLiteBehavior [ RunTime:0.000060s ]
INFO: [ app_init ] --END-- [ RunTime:0.001124s ]
ERR: 无法加载模块:Dist

[ 2017-05-19T20:16:15+08:00 ] ::1 /Campus/index.php/dist/img/qq/36.gif
INFO: [ app_init ] --START--
INFO: Run Behavior\BuildLiteBehavior [ RunTime:0.000063s ]
INFO: [ app_init ] --END-- [ RunTime:0.001490s ]
ERR: 无法加载模块:Dist

[ 2017-05-19T20:16:15+08:00 ] ::1 /Campus/index.php/dist/img/qq/39.gif
INFO: [ app_init ] --START--
INFO: Run Behavior\BuildLiteBehavior [ RunTime:0.000058s ]
INFO: [ app_init ] --END-- [ RunTime:0.001148s ]
ERR: 无法加载模块:Dist

[ 2017-05-19T20:16:15+08:00 ] ::1 /Campus/index.php/dist/img/qq/33.gif
INFO: [ app_init ] --START--
INFO: Run Behavior\BuildLiteBehavior [ RunTime:0.000064s ]
INFO: [ app_init ] --END-- [ RunTime:0.002942s ]
ERR: 无法加载模块:Dist

[ 2017-05-19T20:16:15+08:00 ] ::1 /Campus/index.php/dist/img/qq/38.gif
INFO: [ app_init ] --START--
INFO: Run Behavior\BuildLiteBehavior [ RunTime:0.000066s ]
INFO: [ app_init ] --END-- [ RunTime:0.001814s ]
ERR: 无法加载模块:Dist

[ 2017-05-19T20:16:15+08:00 ] ::1 /Campus/index.php/dist/img/qq/40.gif
INFO: [ app_init ] --START--
INFO: Run Behavior\BuildLiteBehavior [ RunTime:0.000064s ]
INFO: [ app_init ] --END-- [ RunTime:0.001272s ]
ERR: 无法加载模块:Dist

[ 2017-05-19T20:16:15+08:00 ] ::1 /Campus/index.php/dist/img/qq/43.gif
INFO: [ app_init ] --START--
INFO: Run Behavior\BuildLiteBehavior [ RunTime:0.000070s ]
INFO: [ app_init ] --END-- [ RunTime:0.001418s ]
ERR: 无法加载模块:Dist

[ 2017-05-19T20:16:15+08:00 ] ::1 /Campus/index.php/dist/img/qq/48.gif
INFO: [ app_init ] --START--
INFO: Run Behavior\BuildLiteBehavior [ RunTime:0.000070s ]
INFO: [ app_init ] --END-- [ RunTime:0.001929s ]
ERR: 无法加载模块:Dist

[ 2017-05-19T20:16:15+08:00 ] ::1 /Campus/index.php/dist/img/qq/44.gif
INFO: [ app_init ] --START--
INFO: Run Behavior\BuildLiteBehavior [ RunTime:0.000062s ]
INFO: [ app_init ] --END-- [ RunTime:0.001132s ]
ERR: 无法加载模块:Dist

[ 2017-05-19T20:16:15+08:00 ] ::1 /Campus/index.php/dist/img/qq/49.gif
INFO: [ app_init ] --START--
INFO: Run Behavior\BuildLiteBehavior [ RunTime:0.000063s ]
INFO: [ app_init ] --END-- [ RunTime:0.002013s ]
ERR: 无法加载模块:Dist

[ 2017-05-19T20:16:15+08:00 ] ::1 /Campus/index.php/dist/img/qq/46.gif
INFO: [ app_init ] --START--
INFO: Run Behavior\BuildLiteBehavior [ RunTime:0.000071s ]
INFO: [ app_init ] --END-- [ RunTime:0.019874s ]
ERR: 无法加载模块:Dist

[ 2017-05-19T20:16:15+08:00 ] ::1 /Campus/index.php/dist/img/qq/50.gif
INFO: [ app_init ] --START--
INFO: Run Behavior\BuildLiteBehavior [ RunTime:0.000069s ]
INFO: [ app_init ] --END-- [ RunTime:0.005361s ]
ERR: 无法加载模块:Dist

[ 2017-05-19T20:16:15+08:00 ] ::1 /Campus/index.php/dist/img/qq/51.gif
INFO: [ app_init ] --START--
INFO: Run Behavior\BuildLiteBehavior [ RunTime:0.000064s ]
INFO: [ app_init ] --END-- [ RunTime:0.001198s ]
ERR: 无法加载模块:Dist

[ 2017-05-19T20:16:15+08:00 ] ::1 /Campus/index.php/dist/img/qq/52.gif
INFO: [ app_init ] --START--
INFO: Run Behavior\BuildLiteBehavior [ RunTime:0.000065s ]
INFO: [ app_init ] --END-- [ RunTime:0.001211s ]
ERR: 无法加载模块:Dist

[ 2017-05-19T20:16:15+08:00 ] ::1 /Campus/index.php/dist/img/qq/53.gif
INFO: [ app_init ] --START--
INFO: Run Behavior\BuildLiteBehavior [ RunTime:0.000090s ]
INFO: [ app_init ] --END-- [ RunTime:0.001326s ]
ERR: 无法加载模块:Dist

[ 2017-05-19T20:16:15+08:00 ] ::1 /Campus/index.php/dist/img/qq/42.gif
INFO: [ app_init ] --START--
INFO: Run Behavior\BuildLiteBehavior [ RunTime:0.000255s ]
INFO: [ app_init ] --END-- [ RunTime:0.016996s ]
ERR: 无法加载模块:Dist

[ 2017-05-19T20:16:15+08:00 ] ::1 /Campus/index.php/dist/img/qq/58.gif
INFO: [ app_init ] --START--
INFO: Run Behavior\BuildLiteBehavior [ RunTime:0.000067s ]
INFO: [ app_init ] --END-- [ RunTime:0.001552s ]
ERR: 无法加载模块:Dist

[ 2017-05-19T20:16:15+08:00 ] ::1 /Campus/index.php/dist/img/qq/56.gif
INFO: [ app_init ] --START--
INFO: Run Behavior\BuildLiteBehavior [ RunTime:0.000072s ]
INFO: [ app_init ] --END-- [ RunTime:0.001317s ]
ERR: 无法加载模块:Dist

[ 2017-05-19T20:16:15+08:00 ] ::1 /Campus/index.php/dist/img/qq/59.gif
INFO: [ app_init ] --START--
INFO: Run Behavior\BuildLiteBehavior [ RunTime:0.000064s ]
INFO: [ app_init ] --END-- [ RunTime:0.001605s ]
ERR: 无法加载模块:Dist

[ 2017-05-19T20:16:15+08:00 ] ::1 /Campus/index.php/dist/img/qq/60.gif
INFO: [ app_init ] --START--
INFO: Run Behavior\BuildLiteBehavior [ RunTime:0.000065s ]
INFO: [ app_init ] --END-- [ RunTime:0.001406s ]
ERR: 无法加载模块:Dist

[ 2017-05-19T20:16:15+08:00 ] ::1 /Campus/index.php/dist/img/qq/57.gif
INFO: [ app_init ] --START--
INFO: Run Behavior\BuildLiteBehavior [ RunTime:0.000066s ]
INFO: [ app_init ] --END-- [ RunTime:0.001380s ]
ERR: 无法加载模块:Dist

[ 2017-05-19T20:16:15+08:00 ] ::1 /Campus/index.php/dist/img/qq/61.gif
INFO: [ app_init ] --START--
INFO: Run Behavior\BuildLiteBehavior [ RunTime:0.000444s ]
INFO: [ app_init ] --END-- [ RunTime:0.001895s ]
ERR: 无法加载模块:Dist

[ 2017-05-19T20:16:15+08:00 ] ::1 /Campus/index.php/dist/img/qq/62.gif
INFO: [ app_init ] --START--
INFO: Run Behavior\BuildLiteBehavior [ RunTime:0.000065s ]
INFO: [ app_init ] --END-- [ RunTime:0.001207s ]
ERR: 无法加载模块:Dist

[ 2017-05-19T20:16:16+08:00 ] ::1 /Campus/index.php/dist/img/qq/55.gif
INFO: [ app_init ] --START--
INFO: Run Behavior\BuildLiteBehavior [ RunTime:0.000063s ]
INFO: [ app_init ] --END-- [ RunTime:0.001145s ]
ERR: 无法加载模块:Dist

[ 2017-05-19T20:16:16+08:00 ] ::1 /Campus/index.php/dist/img/qq/63.gif
INFO: [ app_init ] --START--
INFO: Run Behavior\BuildLiteBehavior [ RunTime:0.000062s ]
INFO: [ app_init ] --END-- [ RunTime:0.002160s ]
ERR: 无法加载模块:Dist

[ 2017-05-19T20:16:16+08:00 ] ::1 /Campus/index.php/dist/img/qq/68.gif
INFO: [ app_init ] --START--
INFO: Run Behavior\BuildLiteBehavior [ RunTime:0.000068s ]
INFO: [ app_init ] --END-- [ RunTime:0.001281s ]
ERR: 无法加载模块:Dist

[ 2017-05-19T20:16:16+08:00 ] ::1 /Campus/index.php/dist/img/qq/65.gif
INFO: [ app_init ] --START--
INFO: Run Behavior\BuildLiteBehavior [ RunTime:0.000066s ]
INFO: [ app_init ] --END-- [ RunTime:0.001178s ]
ERR: 无法加载模块:Dist

[ 2017-05-19T20:16:16+08:00 ] ::1 /Campus/index.php/dist/img/qq/66.gif
INFO: [ app_init ] --START--
INFO: Run Behavior\BuildLiteBehavior [ RunTime:0.000068s ]
INFO: [ app_init ] --END-- [ RunTime:0.003501s ]
ERR: 无法加载模块:Dist

[ 2017-05-19T20:16:16+08:00 ] ::1 /Campus/index.php/dist/img/qq/64.gif
INFO: [ app_init ] --START--
INFO: Run Behavior\BuildLiteBehavior [ RunTime:0.000064s ]
INFO: [ app_init ] --END-- [ RunTime:0.001182s ]
ERR: 无法加载模块:Dist

[ 2017-05-19T20:16:16+08:00 ] ::1 /Campus/index.php/dist/img/qq/70.gif
INFO: [ app_init ] --START--
INFO: Run Behavior\BuildLiteBehavior [ RunTime:0.000066s ]
INFO: [ app_init ] --END-- [ RunTime:0.001232s ]
ERR: 无法加载模块:Dist

[ 2017-05-19T20:16:16+08:00 ] ::1 /Campus/index.php/dist/img/qq/71.gif
INFO: [ app_init ] --START--
INFO: Run Behavior\BuildLiteBehavior [ RunTime:0.000063s ]
INFO: [ app_init ] --END-- [ RunTime:0.001382s ]
ERR: 无法加载模块:Dist

[ 2017-05-19T20:16:16+08:00 ] ::1 /Campus/index.php/dist/img/qq/72.gif
INFO: [ app_init ] --START--
INFO: Run Behavior\BuildLiteBehavior [ RunTime:0.000069s ]
INFO: [ app_init ] --END-- [ RunTime:0.002142s ]
ERR: 无法加载模块:Dist

[ 2017-05-19T20:16:16+08:00 ] ::1 /Campus/index.php/dist/img/qq/73.gif
INFO: [ app_init ] --START--
INFO: Run Behavior\BuildLiteBehavior [ RunTime:0.000066s ]
INFO: [ app_init ] --END-- [ RunTime:0.001396s ]
ERR: 无法加载模块:Dist

[ 2017-05-19T20:16:16+08:00 ] ::1 /Campus/index.php/dist/img/qq/67.gif
INFO: [ app_init ] --START--
INFO: Run Behavior\BuildLiteBehavior [ RunTime:0.003971s ]
INFO: [ app_init ] --END-- [ RunTime:0.015123s ]
ERR: 无法加载模块:Dist

[ 2017-05-19T20:16:16+08:00 ] ::1 /Campus/index.php/dist/img/qq/75.gif
INFO: [ app_init ] --START--
INFO: Run Behavior\BuildLiteBehavior [ RunTime:0.000060s ]
INFO: [ app_init ] --END-- [ RunTime:0.001151s ]
ERR: 无法加载模块:Dist

[ 2017-05-19T20:16:16+08:00 ] ::1 /Campus/index.php/dist/img/qq/69.gif
INFO: [ app_init ] --START--
INFO: Run Behavior\BuildLiteBehavior [ RunTime:0.000110s ]
INFO: [ app_init ] --END-- [ RunTime:0.001373s ]
ERR: 无法加载模块:Dist

[ 2017-05-19T20:16:16+08:00 ] ::1 /Campus/index.php/dist/img/qq/74.gif
INFO: [ app_init ] --START--
INFO: Run Behavior\BuildLiteBehavior [ RunTime:0.000067s ]
INFO: [ app_init ] --END-- [ RunTime:0.003203s ]
ERR: 无法加载模块:Dist

[ 2017-05-19T20:16:16+08:00 ] ::1 /Campus/index.php/dist/img/qq/78.gif
INFO: [ app_init ] --START--
INFO: Run Behavior\BuildLiteBehavior [ RunTime:0.000065s ]
INFO: [ app_init ] --END-- [ RunTime:0.001187s ]
ERR: 无法加载模块:Dist

[ 2017-05-19T20:16:16+08:00 ] ::1 /Campus/index.php/dist/img/qq/80.gif
INFO: [ app_init ] --START--
INFO: Run Behavior\BuildLiteBehavior [ RunTime:0.000065s ]
INFO: [ app_init ] --END-- [ RunTime:0.001235s ]
ERR: 无法加载模块:Dist

[ 2017-05-19T20:16:16+08:00 ] ::1 /Campus/index.php/dist/img/qq/79.gif
INFO: [ app_init ] --START--
INFO: Run Behavior\BuildLiteBehavior [ RunTime:0.000063s ]
INFO: [ app_init ] --END-- [ RunTime:0.001279s ]
ERR: 无法加载模块:Dist

[ 2017-05-19T20:16:16+08:00 ] ::1 /Campus/index.php/dist/img/qq/81.gif
INFO: [ app_init ] --START--
INFO: Run Behavior\BuildLiteBehavior [ RunTime:0.000063s ]
INFO: [ app_init ] --END-- [ RunTime:0.001163s ]
ERR: 无法加载模块:Dist

[ 2017-05-19T20:16:16+08:00 ] ::1 /Campus/index.php/dist/img/qq/77.gif
INFO: [ app_init ] --START--
INFO: Run Behavior\BuildLiteBehavior [ RunTime:0.000068s ]
INFO: [ app_init ] --END-- [ RunTime:0.007916s ]
ERR: 无法加载模块:Dist

[ 2017-05-19T20:16:16+08:00 ] ::1 /Campus/index.php/dist/img/qq/82.gif
INFO: [ app_init ] --START--
INFO: Run Behavior\BuildLiteBehavior [ RunTime:0.000068s ]
INFO: [ app_init ] --END-- [ RunTime:0.001415s ]
ERR: 无法加载模块:Dist

[ 2017-05-19T20:16:16+08:00 ] ::1 /Campus/index.php/dist/img/qq/76.gif
INFO: [ app_init ] --START--
INFO: Run Behavior\BuildLiteBehavior [ RunTime:0.000101s ]
INFO: [ app_init ] --END-- [ RunTime:0.001243s ]
ERR: 无法加载模块:Dist

[ 2017-05-19T20:16:16+08:00 ] ::1 /Campus/index.php/dist/img/qq/83.gif
INFO: [ app_init ] --START--
INFO: Run Behavior\BuildLiteBehavior [ RunTime:0.000041s ]
INFO: [ app_init ] --END-- [ RunTime:0.000906s ]
ERR: 无法加载模块:Dist

[ 2017-05-19T20:16:16+08:00 ] ::1 /Campus/index.php/dist/img/qq/85.gif
INFO: [ app_init ] --START--
INFO: Run Behavior\BuildLiteBehavior [ RunTime:0.000039s ]
INFO: [ app_init ] --END-- [ RunTime:0.000794s ]
ERR: 无法加载模块:Dist

[ 2017-05-19T20:16:16+08:00 ] ::1 /Campus/index.php/dist/img/qq/86.gif
INFO: [ app_init ] --START--
INFO: Run Behavior\BuildLiteBehavior [ RunTime:0.000066s ]
INFO: [ app_init ] --END-- [ RunTime:0.001265s ]
ERR: 无法加载模块:Dist

[ 2017-05-19T20:16:16+08:00 ] ::1 /Campus/index.php/dist/img/qq/89.gif
INFO: [ app_init ] --START--
INFO: Run Behavior\BuildLiteBehavior [ RunTime:0.000140s ]
INFO: [ app_init ] --END-- [ RunTime:0.001642s ]
ERR: 无法加载模块:Dist

[ 2017-05-19T20:16:16+08:00 ] ::1 /Campus/index.php/dist/img/qq/87.gif
INFO: [ app_init ] --START--
INFO: Run Behavior\BuildLiteBehavior [ RunTime:0.000064s ]
INFO: [ app_init ] --END-- [ RunTime:0.001254s ]
ERR: 无法加载模块:Dist

[ 2017-05-19T20:16:16+08:00 ] ::1 /Campus/index.php/dist/img/qq/88.gif
INFO: [ app_init ] --START--
INFO: Run Behavior\BuildLiteBehavior [ RunTime:0.000067s ]
INFO: [ app_init ] --END-- [ RunTime:0.001334s ]
ERR: 无法加载模块:Dist

[ 2017-05-19T20:16:16+08:00 ] ::1 /Campus/index.php/dist/img/qq/91.gif
INFO: [ app_init ] --START--
INFO: Run Behavior\BuildLiteBehavior [ RunTime:0.000040s ]
INFO: [ app_init ] --END-- [ RunTime:0.000914s ]
ERR: 无法加载模块:Dist

[ 2017-05-19T20:27:30+08:00 ] ::1 /Campus/index.php/dist/img/qq/5.gif
INFO: [ app_init ] --START--
INFO: Run Behavior\BuildLiteBehavior [ RunTime:0.000066s ]
INFO: [ app_init ] --END-- [ RunTime:0.001329s ]
ERR: 无法加载模块:Dist

[ 2017-05-19T20:27:30+08:00 ] ::1 /Campus/index.php/dist/img/qq/2.gif
INFO: [ app_init ] --START--
INFO: Run Behavior\BuildLiteBehavior [ RunTime:0.000081s ]
INFO: [ app_init ] --END-- [ RunTime:0.001449s ]
ERR: 无法加载模块:Dist

[ 2017-05-19T20:27:30+08:00 ] ::1 /Campus/index.php/dist/img/qq/4.gif
INFO: [ app_init ] --START--
INFO: Run Behavior\BuildLiteBehavior [ RunTime:0.000062s ]
INFO: [ app_init ] --END-- [ RunTime:0.001192s ]
ERR: 无法加载模块:Dist

[ 2017-05-19T20:27:30+08:00 ] ::1 /Campus/index.php/dist/img/qq/7.gif
INFO: [ app_init ] --START--
INFO: Run Behavior\BuildLiteBehavior [ RunTime:0.000123s ]
INFO: [ app_init ] --END-- [ RunTime:0.001522s ]
ERR: 无法加载模块:Dist

[ 2017-05-19T20:27:30+08:00 ] ::1 /Campus/index.php/dist/img/qq/3.gif
INFO: [ app_init ] --START--
INFO: Run Behavior\BuildLiteBehavior [ RunTime:0.000115s ]
INFO: [ app_init ] --END-- [ RunTime:0.001708s ]
ERR: 无法加载模块:Dist

[ 2017-05-19T20:27:30+08:00 ] ::1 /Campus/index.php/dist/img/qq/9.gif
INFO: [ app_init ] --START--
INFO: Run Behavior\BuildLiteBehavior [ RunTime:0.000069s ]
INFO: [ app_init ] --END-- [ RunTime:0.001697s ]
ERR: 无法加载模块:Dist

[ 2017-05-19T20:27:30+08:00 ] ::1 /Campus/index.php/dist/img/qq/6.gif
INFO: [ app_init ] --START--
INFO: Run Behavior\BuildLiteBehavior [ RunTime:0.000068s ]
INFO: [ app_init ] --END-- [ RunTime:0.001332s ]
ERR: 无法加载模块:Dist

[ 2017-05-19T20:27:30+08:00 ] ::1 /Campus/index.php/dist/img/qq/10.gif
INFO: [ app_init ] --START--
INFO: Run Behavior\BuildLiteBehavior [ RunTime:0.000065s ]
INFO: [ app_init ] --END-- [ RunTime:0.003911s ]
ERR: 无法加载模块:Dist

[ 2017-05-19T20:27:30+08:00 ] ::1 /Campus/index.php/dist/img/qq/8.gif
INFO: [ app_init ] --START--
INFO: Run Behavior\BuildLiteBehavior [ RunTime:0.000064s ]
INFO: [ app_init ] --END-- [ RunTime:0.001190s ]
ERR: 无法加载模块:Dist

[ 2017-05-19T20:27:30+08:00 ] ::1 /Campus/index.php/dist/img/qq/11.gif
INFO: [ app_init ] --START--
INFO: Run Behavior\BuildLiteBehavior [ RunTime:0.000064s ]
INFO: [ app_init ] --END-- [ RunTime:0.001506s ]
ERR: 无法加载模块:Dist

[ 2017-05-19T20:27:30+08:00 ] ::1 /Campus/index.php/dist/img/qq/15.gif
INFO: [ app_init ] --START--
INFO: Run Behavior\BuildLiteBehavior [ RunTime:0.000066s ]
INFO: [ app_init ] --END-- [ RunTime:0.001425s ]
ERR: 无法加载模块:Dist

[ 2017-05-19T20:27:30+08:00 ] ::1 /Campus/index.php/dist/img/qq/13.gif
INFO: [ app_init ] --START--
INFO: Run Behavior\BuildLiteBehavior [ RunTime:0.000069s ]
INFO: [ app_init ] --END-- [ RunTime:0.001633s ]
ERR: 无法加载模块:Dist

[ 2017-05-19T20:27:30+08:00 ] ::1 /Campus/index.php/dist/img/qq/16.gif
INFO: [ app_init ] --START--
INFO: Run Behavior\BuildLiteBehavior [ RunTime:0.000063s ]
INFO: [ app_init ] --END-- [ RunTime:0.001168s ]
ERR: 无法加载模块:Dist

[ 2017-05-19T20:27:30+08:00 ] ::1 /Campus/index.php/dist/img/qq/12.gif
INFO: [ app_init ] --START--
INFO: Run Behavior\BuildLiteBehavior [ RunTime:0.000074s ]
INFO: [ app_init ] --END-- [ RunTime:0.001475s ]
ERR: 无法加载模块:Dist

[ 2017-05-19T20:27:30+08:00 ] ::1 /Campus/index.php/dist/img/qq/17.gif
INFO: [ app_init ] --START--
INFO: Run Behavior\BuildLiteBehavior [ RunTime:0.000066s ]
INFO: [ app_init ] --END-- [ RunTime:0.001247s ]
ERR: 无法加载模块:Dist

[ 2017-05-19T20:27:31+08:00 ] ::1 /Campus/index.php/dist/img/qq/18.gif
INFO: [ app_init ] --START--
INFO: Run Behavior\BuildLiteBehavior [ RunTime:0.000065s ]
INFO: [ app_init ] --END-- [ RunTime:0.001336s ]
ERR: 无法加载模块:Dist

[ 2017-05-19T20:27:31+08:00 ] ::1 /Campus/index.php/dist/img/qq/20.gif
INFO: [ app_init ] --START--
INFO: Run Behavior\BuildLiteBehavior [ RunTime:0.000068s ]
INFO: [ app_init ] --END-- [ RunTime:0.001216s ]
ERR: 无法加载模块:Dist

[ 2017-05-19T20:27:31+08:00 ] ::1 /Campus/index.php/dist/img/qq/19.gif
INFO: [ app_init ] --START--
INFO: Run Behavior\BuildLiteBehavior [ RunTime:0.000127s ]
INFO: [ app_init ] --END-- [ RunTime:0.003199s ]
ERR: 无法加载模块:Dist

[ 2017-05-19T20:27:31+08:00 ] ::1 /Campus/index.php/dist/img/qq/23.gif
INFO: [ app_init ] --START--
INFO: Run Behavior\BuildLiteBehavior [ RunTime:0.000162s ]
INFO: [ app_init ] --END-- [ RunTime:0.002165s ]
ERR: 无法加载模块:Dist

[ 2017-05-19T20:27:31+08:00 ] ::1 /Campus/index.php/dist/img/qq/14.gif
INFO: [ app_init ] --START--
INFO: Run Behavior\BuildLiteBehavior [ RunTime:0.000063s ]
INFO: [ app_init ] --END-- [ RunTime:0.001180s ]
ERR: 无法加载模块:Dist

[ 2017-05-19T20:27:31+08:00 ] ::1 /Campus/index.php/dist/img/qq/21.gif
INFO: [ app_init ] --START--
INFO: Run Behavior\BuildLiteBehavior [ RunTime:0.000064s ]
INFO: [ app_init ] --END-- [ RunTime:0.001186s ]
ERR: 无法加载模块:Dist

[ 2017-05-19T20:27:31+08:00 ] ::1 /Campus/index.php/dist/img/qq/1.gif
INFO: [ app_init ] --START--
INFO: Run Behavior\BuildLiteBehavior [ RunTime:0.000060s ]
INFO: [ app_init ] --END-- [ RunTime:0.001150s ]
ERR: 无法加载模块:Dist

[ 2017-05-19T20:27:31+08:00 ] ::1 /Campus/index.php/dist/img/qq/27.gif
INFO: [ app_init ] --START--
INFO: Run Behavior\BuildLiteBehavior [ RunTime:0.000068s ]
INFO: [ app_init ] --END-- [ RunTime:0.001408s ]
ERR: 无法加载模块:Dist

[ 2017-05-19T20:27:31+08:00 ] ::1 /Campus/index.php/dist/img/qq/25.gif
INFO: [ app_init ] --START--
INFO: Run Behavior\BuildLiteBehavior [ RunTime:0.000064s ]
INFO: [ app_init ] --END-- [ RunTime:0.001351s ]
ERR: 无法加载模块:Dist

[ 2017-05-19T20:27:31+08:00 ] ::1 /Campus/index.php/dist/img/qq/28.gif
INFO: [ app_init ] --START--
INFO: Run Behavior\BuildLiteBehavior [ RunTime:0.000214s ]
INFO: [ app_init ] --END-- [ RunTime:0.002209s ]
ERR: 无法加载模块:Dist

[ 2017-05-19T20:27:31+08:00 ] ::1 /Campus/index.php/dist/img/qq/24.gif
INFO: [ app_init ] --START--
INFO: Run Behavior\BuildLiteBehavior [ RunTime:0.000150s ]
INFO: [ app_init ] --END-- [ RunTime:0.078790s ]
ERR: 无法加载模块:Dist

[ 2017-05-19T20:27:31+08:00 ] ::1 /Campus/index.php/dist/img/qq/29.gif
INFO: [ app_init ] --START--
INFO: Run Behavior\BuildLiteBehavior [ RunTime:0.000069s ]
INFO: [ app_init ] --END-- [ RunTime:0.001283s ]
ERR: 无法加载模块:Dist

[ 2017-05-19T20:27:31+08:00 ] ::1 /Campus/index.php/dist/img/qq/26.gif
INFO: [ app_init ] --START--
INFO: Run Behavior\BuildLiteBehavior [ RunTime:0.000067s ]
INFO: [ app_init ] --END-- [ RunTime:0.001931s ]
ERR: 无法加载模块:Dist

[ 2017-05-19T20:27:31+08:00 ] ::1 /Campus/index.php/dist/img/qq/31.gif
INFO: [ app_init ] --START--
INFO: Run Behavior\BuildLiteBehavior [ RunTime:0.000066s ]
INFO: [ app_init ] --END-- [ RunTime:0.001301s ]
ERR: 无法加载模块:Dist

[ 2017-05-19T20:27:31+08:00 ] ::1 /Campus/index.php/dist/img/qq/32.gif
INFO: [ app_init ] --START--
INFO: Run Behavior\BuildLiteBehavior [ RunTime:0.000065s ]
INFO: [ app_init ] --END-- [ RunTime:0.001250s ]
ERR: 无法加载模块:Dist

[ 2017-05-19T20:27:31+08:00 ] ::1 /Campus/index.php/dist/img/qq/35.gif
INFO: [ app_init ] --START--
INFO: Run Behavior\BuildLiteBehavior [ RunTime:0.000063s ]
INFO: [ app_init ] --END-- [ RunTime:0.001162s ]
ERR: 无法加载模块:Dist

[ 2017-05-19T20:27:31+08:00 ] ::1 /Campus/index.php/dist/img/qq/30.gif
INFO: [ app_init ] --START--
INFO: Run Behavior\BuildLiteBehavior [ RunTime:0.000072s ]
INFO: [ app_init ] --END-- [ RunTime:0.001394s ]
ERR: 无法加载模块:Dist

[ 2017-05-19T20:27:31+08:00 ] ::1 /Campus/index.php/dist/img/qq/34.gif
INFO: [ app_init ] --START--
INFO: Run Behavior\BuildLiteBehavior [ RunTime:0.000065s ]
INFO: [ app_init ] --END-- [ RunTime:0.001183s ]
ERR: 无法加载模块:Dist

[ 2017-05-19T20:27:31+08:00 ] ::1 /Campus/index.php/dist/img/qq/38.gif
INFO: [ app_init ] --START--
INFO: Run Behavior\BuildLiteBehavior [ RunTime:0.000069s ]
INFO: [ app_init ] --END-- [ RunTime:0.001443s ]
ERR: 无法加载模块:Dist

[ 2017-05-19T20:27:31+08:00 ] ::1 /Campus/index.php/dist/img/qq/37.gif
INFO: [ app_init ] --START--
INFO: Run Behavior\BuildLiteBehavior [ RunTime:0.000064s ]
INFO: [ app_init ] --END-- [ RunTime:0.001921s ]
ERR: 无法加载模块:Dist

[ 2017-05-19T20:27:31+08:00 ] ::1 /Campus/index.php/dist/img/qq/33.gif
INFO: [ app_init ] --START--
INFO: Run Behavior\BuildLiteBehavior [ RunTime:0.000069s ]
INFO: [ app_init ] --END-- [ RunTime:0.008003s ]
ERR: 无法加载模块:Dist

[ 2017-05-19T20:27:31+08:00 ] ::1 /Campus/index.php/dist/img/qq/40.gif
INFO: [ app_init ] --START--
INFO: Run Behavior\BuildLiteBehavior [ RunTime:0.000065s ]
INFO: [ app_init ] --END-- [ RunTime:0.001402s ]
ERR: 无法加载模块:Dist

[ 2017-05-19T20:27:31+08:00 ] ::1 /Campus/index.php/dist/img/qq/42.gif
INFO: [ app_init ] --START--
INFO: Run Behavior\BuildLiteBehavior [ RunTime:0.000065s ]
INFO: [ app_init ] --END-- [ RunTime:0.001277s ]
ERR: 无法加载模块:Dist

[ 2017-05-19T20:27:31+08:00 ] ::1 /Campus/index.php/dist/img/qq/36.gif
INFO: [ app_init ] --START--
INFO: Run Behavior\BuildLiteBehavior [ RunTime:0.000082s ]
INFO: [ app_init ] --END-- [ RunTime:0.025973s ]
ERR: 无法加载模块:Dist

[ 2017-05-19T20:27:31+08:00 ] ::1 /Campus/index.php/dist/img/qq/43.gif
INFO: [ app_init ] --START--
INFO: Run Behavior\BuildLiteBehavior [ RunTime:0.000064s ]
INFO: [ app_init ] --END-- [ RunTime:0.001309s ]
ERR: 无法加载模块:Dist

[ 2017-05-19T20:27:31+08:00 ] ::1 /Campus/index.php/dist/img/qq/46.gif
INFO: [ app_init ] --START--
INFO: Run Behavior\BuildLiteBehavior [ RunTime:0.000065s ]
INFO: [ app_init ] --END-- [ RunTime:0.001509s ]
ERR: 无法加载模块:Dist

[ 2017-05-19T20:27:31+08:00 ] ::1 /Campus/index.php/dist/img/qq/47.gif
INFO: [ app_init ] --START--
INFO: Run Behavior\BuildLiteBehavior [ RunTime:0.000070s ]
INFO: [ app_init ] --END-- [ RunTime:0.001300s ]
ERR: 无法加载模块:Dist

[ 2017-05-19T20:27:31+08:00 ] ::1 /Campus/index.php/dist/img/qq/48.gif
INFO: [ app_init ] --START--
INFO: Run Behavior\BuildLiteBehavior [ RunTime:0.000068s ]
INFO: [ app_init ] --END-- [ RunTime:0.001721s ]
ERR: 无法加载模块:Dist

[ 2017-05-19T20:27:31+08:00 ] ::1 /Campus/index.php/dist/img/qq/49.gif
INFO: [ app_init ] --START--
INFO: Run Behavior\BuildLiteBehavior [ RunTime:0.000064s ]
INFO: [ app_init ] --END-- [ RunTime:0.001185s ]
ERR: 无法加载模块:Dist

[ 2017-05-19T20:27:31+08:00 ] ::1 /Campus/index.php/dist/img/qq/39.gif
INFO: [ app_init ] --START--
INFO: Run Behavior\BuildLiteBehavior [ RunTime:0.000093s ]
INFO: [ app_init ] --END-- [ RunTime:0.001710s ]
ERR: 无法加载模块:Dist

[ 2017-05-19T20:27:31+08:00 ] ::1 /Campus/index.php/dist/img/qq/51.gif
INFO: [ app_init ] --START--
INFO: Run Behavior\BuildLiteBehavior [ RunTime:0.000239s ]
INFO: [ app_init ] --END-- [ RunTime:0.001505s ]
ERR: 无法加载模块:Dist

[ 2017-05-19T20:27:31+08:00 ] ::1 /Campus/index.php/dist/img/qq/50.gif
INFO: [ app_init ] --START--
INFO: Run Behavior\BuildLiteBehavior [ RunTime:0.000063s ]
INFO: [ app_init ] --END-- [ RunTime:0.001505s ]
ERR: 无法加载模块:Dist

[ 2017-05-19T20:27:31+08:00 ] ::1 /Campus/index.php/dist/img/qq/44.gif
INFO: [ app_init ] --START--
INFO: Run Behavior\BuildLiteBehavior [ RunTime:0.000065s ]
INFO: [ app_init ] --END-- [ RunTime:0.001266s ]
ERR: 无法加载模块:Dist

[ 2017-05-19T20:27:31+08:00 ] ::1 /Campus/index.php/dist/img/qq/52.gif
INFO: [ app_init ] --START--
INFO: Run Behavior\BuildLiteBehavior [ RunTime:0.000065s ]
INFO: [ app_init ] --END-- [ RunTime:0.001224s ]
ERR: 无法加载模块:Dist

[ 2017-05-19T20:27:31+08:00 ] ::1 /Campus/index.php/dist/img/qq/53.gif
INFO: [ app_init ] --START--
INFO: Run Behavior\BuildLiteBehavior [ RunTime:0.000062s ]
INFO: [ app_init ] --END-- [ RunTime:0.001143s ]
ERR: 无法加载模块:Dist

[ 2017-05-19T20:27:31+08:00 ] ::1 /Campus/index.php/dist/img/qq/22.gif
INFO: [ app_init ] --START--
INFO: Run Behavior\BuildLiteBehavior [ RunTime:0.000063s ]
INFO: [ app_init ] --END-- [ RunTime:0.001705s ]
ERR: 无法加载模块:Dist

[ 2017-05-19T20:27:31+08:00 ] ::1 /Campus/index.php/dist/img/qq/57.gif
INFO: [ app_init ] --START--
INFO: Run Behavior\BuildLiteBehavior [ RunTime:0.000063s ]
INFO: [ app_init ] --END-- [ RunTime:0.001646s ]
ERR: 无法加载模块:Dist

[ 2017-05-19T20:27:31+08:00 ] ::1 /Campus/index.php/dist/img/qq/55.gif
INFO: [ app_init ] --START--
INFO: Run Behavior\BuildLiteBehavior [ RunTime:0.000108s ]
INFO: [ app_init ] --END-- [ RunTime:0.001736s ]
ERR: 无法加载模块:Dist

[ 2017-05-19T20:27:31+08:00 ] ::1 /Campus/index.php/dist/img/qq/60.gif
INFO: [ app_init ] --START--
INFO: Run Behavior\BuildLiteBehavior [ RunTime:0.000066s ]
INFO: [ app_init ] --END-- [ RunTime:0.001154s ]
ERR: 无法加载模块:Dist

[ 2017-05-19T20:27:31+08:00 ] ::1 /Campus/index.php/dist/img/qq/58.gif
INFO: [ app_init ] --START--
INFO: Run Behavior\BuildLiteBehavior [ RunTime:0.000061s ]
INFO: [ app_init ] --END-- [ RunTime:0.001249s ]
ERR: 无法加载模块:Dist

[ 2017-05-19T20:27:31+08:00 ] ::1 /Campus/index.php/dist/img/qq/61.gif
INFO: [ app_init ] --START--
INFO: Run Behavior\BuildLiteBehavior [ RunTime:0.000063s ]
INFO: [ app_init ] --END-- [ RunTime:0.001192s ]
ERR: 无法加载模块:Dist

[ 2017-05-19T20:27:31+08:00 ] ::1 /Campus/index.php/dist/img/qq/59.gif
INFO: [ app_init ] --START--
INFO: Run Behavior\BuildLiteBehavior [ RunTime:0.000476s ]
INFO: [ app_init ] --END-- [ RunTime:0.004723s ]
ERR: 无法加载模块:Dist

[ 2017-05-19T20:27:31+08:00 ] ::1 /Campus/index.php/dist/img/qq/63.gif
INFO: [ app_init ] --START--
INFO: Run Behavior\BuildLiteBehavior [ RunTime:0.000065s ]
INFO: [ app_init ] --END-- [ RunTime:0.001304s ]
ERR: 无法加载模块:Dist

[ 2017-05-19T20:27:31+08:00 ] ::1 /Campus/index.php/dist/img/qq/56.gif
INFO: [ app_init ] --START--
INFO: Run Behavior\BuildLiteBehavior [ RunTime:0.000076s ]
INFO: [ app_init ] --END-- [ RunTime:0.015179s ]
ERR: 无法加载模块:Dist

[ 2017-05-19T20:27:31+08:00 ] ::1 /Campus/index.php/dist/img/qq/65.gif
INFO: [ app_init ] --START--
INFO: Run Behavior\BuildLiteBehavior [ RunTime:0.000065s ]
INFO: [ app_init ] --END-- [ RunTime:0.001895s ]
ERR: 无法加载模块:Dist

[ 2017-05-19T20:27:31+08:00 ] ::1 /Campus/index.php/dist/img/qq/62.gif
INFO: [ app_init ] --START--
INFO: Run Behavior\BuildLiteBehavior [ RunTime:0.000064s ]
INFO: [ app_init ] --END-- [ RunTime:0.001185s ]
ERR: 无法加载模块:Dist

[ 2017-05-19T20:27:31+08:00 ] ::1 /Campus/index.php/dist/img/qq/66.gif
INFO: [ app_init ] --START--
INFO: Run Behavior\BuildLiteBehavior [ RunTime:0.000063s ]
INFO: [ app_init ] --END-- [ RunTime:0.001714s ]
ERR: 无法加载模块:Dist

[ 2017-05-19T20:27:31+08:00 ] ::1 /Campus/index.php/dist/img/qq/69.gif
INFO: [ app_init ] --START--
INFO: Run Behavior\BuildLiteBehavior [ RunTime:0.000065s ]
INFO: [ app_init ] --END-- [ RunTime:0.001383s ]
ERR: 无法加载模块:Dist

[ 2017-05-19T20:27:31+08:00 ] ::1 /Campus/index.php/dist/img/qq/68.gif
INFO: [ app_init ] --START--
INFO: Run Behavior\BuildLiteBehavior [ RunTime:0.000066s ]
INFO: [ app_init ] --END-- [ RunTime:0.001369s ]
ERR: 无法加载模块:Dist

[ 2017-05-19T20:27:31+08:00 ] ::1 /Campus/index.php/dist/img/qq/71.gif
INFO: [ app_init ] --START--
INFO: Run Behavior\BuildLiteBehavior [ RunTime:0.000068s ]
INFO: [ app_init ] --END-- [ RunTime:0.001522s ]
ERR: 无法加载模块:Dist

[ 2017-05-19T20:27:31+08:00 ] ::1 /Campus/index.php/dist/img/qq/70.gif
INFO: [ app_init ] --START--
INFO: Run Behavior\BuildLiteBehavior [ RunTime:0.000475s ]
INFO: [ app_init ] --END-- [ RunTime:0.002314s ]
ERR: 无法加载模块:Dist

[ 2017-05-19T20:27:31+08:00 ] ::1 /Campus/index.php/dist/img/qq/67.gif
INFO: [ app_init ] --START--
INFO: Run Behavior\BuildLiteBehavior [ RunTime:0.000075s ]
INFO: [ app_init ] --END-- [ RunTime:0.001910s ]
ERR: 无法加载模块:Dist

[ 2017-05-19T20:27:31+08:00 ] ::1 /Campus/index.php/dist/img/qq/73.gif
INFO: [ app_init ] --START--
INFO: Run Behavior\BuildLiteBehavior [ RunTime:0.000066s ]
INFO: [ app_init ] --END-- [ RunTime:0.003159s ]
ERR: 无法加载模块:Dist

[ 2017-05-19T20:27:31+08:00 ] ::1 /Campus/index.php/dist/img/qq/64.gif
INFO: [ app_init ] --START--
INFO: Run Behavior\BuildLiteBehavior [ RunTime:0.000067s ]
INFO: [ app_init ] --END-- [ RunTime:0.001159s ]
ERR: 无法加载模块:Dist

[ 2017-05-19T20:27:31+08:00 ] ::1 /Campus/index.php/dist/img/qq/75.gif
INFO: [ app_init ] --START--
INFO: Run Behavior\BuildLiteBehavior [ RunTime:0.000068s ]
INFO: [ app_init ] --END-- [ RunTime:0.001620s ]
ERR: 无法加载模块:Dist

[ 2017-05-19T20:27:31+08:00 ] ::1 /Campus/index.php/dist/img/qq/77.gif
INFO: [ app_init ] --START--
INFO: Run Behavior\BuildLiteBehavior [ RunTime:0.000064s ]
INFO: [ app_init ] --END-- [ RunTime:0.001604s ]
ERR: 无法加载模块:Dist

[ 2017-05-19T20:27:31+08:00 ] ::1 /Campus/index.php/dist/img/qq/72.gif
INFO: [ app_init ] --START--
INFO: Run Behavior\BuildLiteBehavior [ RunTime:0.000065s ]
INFO: [ app_init ] --END-- [ RunTime:0.027876s ]
ERR: 无法加载模块:Dist

[ 2017-05-19T20:27:31+08:00 ] ::1 /Campus/index.php/dist/img/qq/74.gif
INFO: [ app_init ] --START--
INFO: Run Behavior\BuildLiteBehavior [ RunTime:0.000067s ]
INFO: [ app_init ] --END-- [ RunTime:0.001203s ]
ERR: 无法加载模块:Dist

[ 2017-05-19T20:27:31+08:00 ] ::1 /Campus/index.php/dist/img/qq/76.gif
INFO: [ app_init ] --START--
INFO: Run Behavior\BuildLiteBehavior [ RunTime:0.000064s ]
INFO: [ app_init ] --END-- [ RunTime:0.014830s ]
ERR: 无法加载模块:Dist

[ 2017-05-19T20:27:31+08:00 ] ::1 /Campus/index.php/dist/img/qq/79.gif
INFO: [ app_init ] --START--
INFO: Run Behavior\BuildLiteBehavior [ RunTime:0.000066s ]
INFO: [ app_init ] --END-- [ RunTime:0.001334s ]
ERR: 无法加载模块:Dist

[ 2017-05-19T20:27:31+08:00 ] ::1 /Campus/index.php/dist/img/qq/80.gif
INFO: [ app_init ] --START--
INFO: Run Behavior\BuildLiteBehavior [ RunTime:0.000064s ]
INFO: [ app_init ] --END-- [ RunTime:0.001215s ]
ERR: 无法加载模块:Dist

[ 2017-05-19T20:27:31+08:00 ] ::1 /Campus/index.php/dist/img/qq/81.gif
INFO: [ app_init ] --START--
INFO: Run Behavior\BuildLiteBehavior [ RunTime:0.000082s ]
INFO: [ app_init ] --END-- [ RunTime:0.001263s ]
ERR: 无法加载模块:Dist

[ 2017-05-19T20:27:31+08:00 ] ::1 /Campus/index.php/dist/img/qq/83.gif
INFO: [ app_init ] --START--
INFO: Run Behavior\BuildLiteBehavior [ RunTime:0.000064s ]
INFO: [ app_init ] --END-- [ RunTime:0.001714s ]
ERR: 无法加载模块:Dist

[ 2017-05-19T20:27:31+08:00 ] ::1 /Campus/index.php/dist/img/qq/84.gif
INFO: [ app_init ] --START--
INFO: Run Behavior\BuildLiteBehavior [ RunTime:0.000065s ]
INFO: [ app_init ] --END-- [ RunTime:0.001931s ]
ERR: 无法加载模块:Dist

[ 2017-05-19T20:27:31+08:00 ] ::1 /Campus/index.php/dist/img/qq/82.gif
INFO: [ app_init ] --START--
INFO: Run Behavior\BuildLiteBehavior [ RunTime:0.000063s ]
INFO: [ app_init ] --END-- [ RunTime:0.001268s ]
ERR: 无法加载模块:Dist

[ 2017-05-19T20:27:31+08:00 ] ::1 /Campus/index.php/dist/img/qq/78.gif
INFO: [ app_init ] --START--
INFO: Run Behavior\BuildLiteBehavior [ RunTime:0.000598s ]
INFO: [ app_init ] --END-- [ RunTime:0.001756s ]
ERR: 无法加载模块:Dist

[ 2017-05-19T20:27:31+08:00 ] ::1 /Campus/index.php/dist/img/qq/86.gif
INFO: [ app_init ] --START--
INFO: Run Behavior\BuildLiteBehavior [ RunTime:0.000064s ]
INFO: [ app_init ] --END-- [ RunTime:0.001169s ]
ERR: 无法加载模块:Dist

[ 2017-05-19T20:27:31+08:00 ] ::1 /Campus/index.php/dist/img/qq/89.gif
INFO: [ app_init ] --START--
INFO: Run Behavior\BuildLiteBehavior [ RunTime:0.000283s ]
INFO: [ app_init ] --END-- [ RunTime:0.001374s ]
ERR: 无法加载模块:Dist

[ 2017-05-19T20:27:31+08:00 ] ::1 /Campus/index.php/dist/img/qq/85.gif
INFO: [ app_init ] --START--
INFO: Run Behavior\BuildLiteBehavior [ RunTime:0.000066s ]
INFO: [ app_init ] --END-- [ RunTime:0.001221s ]
ERR: 无法加载模块:Dist

[ 2017-05-19T20:27:31+08:00 ] ::1 /Campus/index.php/dist/img/qq/91.gif
INFO: [ app_init ] --START--
INFO: Run Behavior\BuildLiteBehavior [ RunTime:0.000063s ]
INFO: [ app_init ] --END-- [ RunTime:0.001281s ]
ERR: 无法加载模块:Dist

[ 2017-05-19T20:27:31+08:00 ] ::1 /Campus/index.php/dist/img/qq/90.gif
INFO: [ app_init ] --START--
INFO: Run Behavior\BuildLiteBehavior [ RunTime:0.000064s ]
INFO: [ app_init ] --END-- [ RunTime:0.001220s ]
ERR: 无法加载模块:Dist

[ 2017-05-19T20:27:31+08:00 ] ::1 /Campus/index.php/dist/img/qq/88.gif
INFO: [ app_init ] --START--
INFO: Run Behavior\BuildLiteBehavior [ RunTime:0.000070s ]
INFO: [ app_init ] --END-- [ RunTime:0.001519s ]
ERR: 无法加载模块:Dist

[ 2017-05-19T20:27:31+08:00 ] ::1 /Campus/index.php/dist/img/qq/87.gif
INFO: [ app_init ] --START--
INFO: Run Behavior\BuildLiteBehavior [ RunTime:0.000067s ]
INFO: [ app_init ] --END-- [ RunTime:0.001313s ]
ERR: 无法加载模块:Dist

[ 2017-05-19T20:51:48+08:00 ] ::1 /Campus/index.php/Public/dist/img/qq/2.gif
INFO: [ app_init ] --START--
INFO: Run Behavior\BuildLiteBehavior [ RunTime:0.000075s ]
INFO: [ app_init ] --END-- [ RunTime:0.001290s ]
ERR: 无法加载模块:Public

[ 2017-05-19T20:51:48+08:00 ] ::1 /Campus/index.php/Public/dist/img/qq/7.gif
INFO: [ app_init ] --START--
INFO: Run Behavior\BuildLiteBehavior [ RunTime:0.000064s ]
INFO: [ app_init ] --END-- [ RunTime:0.001263s ]
ERR: 无法加载模块:Public

[ 2017-05-19T20:51:48+08:00 ] ::1 /Campus/index.php/Public/dist/img/qq/4.gif
INFO: [ app_init ] --START--
INFO: Run Behavior\BuildLiteBehavior [ RunTime:0.000064s ]
INFO: [ app_init ] --END-- [ RunTime:0.003544s ]
ERR: 无法加载模块:Public

[ 2017-05-19T20:51:48+08:00 ] ::1 /Campus/index.php/Public/dist/img/qq/6.gif
INFO: [ app_init ] --START--
INFO: Run Behavior\BuildLiteBehavior [ RunTime:0.000222s ]
INFO: [ app_init ] --END-- [ RunTime:0.002853s ]
ERR: 无法加载模块:Public

[ 2017-05-19T20:51:48+08:00 ] ::1 /Campus/index.php/Public/dist/img/qq/8.gif
INFO: [ app_init ] --START--
INFO: Run Behavior\BuildLiteBehavior [ RunTime:0.000070s ]
INFO: [ app_init ] --END-- [ RunTime:0.001237s ]
ERR: 无法加载模块:Public

[ 2017-05-19T20:51:49+08:00 ] ::1 /Campus/index.php/Public/dist/img/qq/9.gif
INFO: [ app_init ] --START--
INFO: Run Behavior\BuildLiteBehavior [ RunTime:0.000064s ]
INFO: [ app_init ] --END-- [ RunTime:0.001225s ]
ERR: 无法加载模块:Public

[ 2017-05-19T20:51:49+08:00 ] ::1 /Campus/index.php/Public/dist/img/qq/10.gif
INFO: [ app_init ] --START--
INFO: Run Behavior\BuildLiteBehavior [ RunTime:0.000065s ]
INFO: [ app_init ] --END-- [ RunTime:0.001528s ]
ERR: 无法加载模块:Public

[ 2017-05-19T20:51:49+08:00 ] ::1 /Campus/index.php/Public/dist/img/qq/3.gif
INFO: [ app_init ] --START--
INFO: Run Behavior\BuildLiteBehavior [ RunTime:0.000063s ]
INFO: [ app_init ] --END-- [ RunTime:0.001592s ]
ERR: 无法加载模块:Public

[ 2017-05-19T20:51:49+08:00 ] ::1 /Campus/index.php/Public/dist/img/qq/11.gif
INFO: [ app_init ] --START--
INFO: Run Behavior\BuildLiteBehavior [ RunTime:0.000192s ]
INFO: [ app_init ] --END-- [ RunTime:0.002399s ]
ERR: 无法加载模块:Public

[ 2017-05-19T20:51:49+08:00 ] ::1 /Campus/index.php/Public/dist/img/qq/13.gif
INFO: [ app_init ] --START--
INFO: Run Behavior\BuildLiteBehavior [ RunTime:0.000072s ]
INFO: [ app_init ] --END-- [ RunTime:0.001142s ]
ERR: 无法加载模块:Public

[ 2017-05-19T20:51:49+08:00 ] ::1 /Campus/index.php/Public/dist/img/qq/12.gif
INFO: [ app_init ] --START--
INFO: Run Behavior\BuildLiteBehavior [ RunTime:0.000066s ]
INFO: [ app_init ] --END-- [ RunTime:0.001427s ]
ERR: 无法加载模块:Public

[ 2017-05-19T20:51:49+08:00 ] ::1 /Campus/index.php/Public/dist/img/qq/1.gif
INFO: [ app_init ] --START--
INFO: Run Behavior\BuildLiteBehavior [ RunTime:0.000068s ]
INFO: [ app_init ] --END-- [ RunTime:0.029074s ]
ERR: 无法加载模块:Public

[ 2017-05-19T20:51:49+08:00 ] ::1 /Campus/index.php/Public/dist/img/qq/5.gif
INFO: [ app_init ] --START--
INFO: Run Behavior\BuildLiteBehavior [ RunTime:0.000069s ]
INFO: [ app_init ] --END-- [ RunTime:0.011515s ]
ERR: 无法加载模块:Public

[ 2017-05-19T20:51:49+08:00 ] ::1 /Campus/index.php/Public/dist/img/qq/14.gif
INFO: [ app_init ] --START--
INFO: Run Behavior\BuildLiteBehavior [ RunTime:0.000098s ]
INFO: [ app_init ] --END-- [ RunTime:0.001422s ]
ERR: 无法加载模块:Public

[ 2017-05-19T20:51:49+08:00 ] ::1 /Campus/index.php/Public/dist/img/qq/16.gif
INFO: [ app_init ] --START--
INFO: Run Behavior\BuildLiteBehavior [ RunTime:0.000056s ]
INFO: [ app_init ] --END-- [ RunTime:0.001222s ]
ERR: 无法加载模块:Public

[ 2017-05-19T20:51:49+08:00 ] ::1 /Campus/index.php/Public/dist/img/qq/15.gif
INFO: [ app_init ] --START--
INFO: Run Behavior\BuildLiteBehavior [ RunTime:0.000056s ]
INFO: [ app_init ] --END-- [ RunTime:0.001106s ]
ERR: 无法加载模块:Public

[ 2017-05-19T20:51:49+08:00 ] ::1 /Campus/index.php/Public/dist/img/qq/19.gif
INFO: [ app_init ] --START--
INFO: Run Behavior\BuildLiteBehavior [ RunTime:0.000068s ]
INFO: [ app_init ] --END-- [ RunTime:0.001360s ]
ERR: 无法加载模块:Public

[ 2017-05-19T20:51:49+08:00 ] ::1 /Campus/index.php/Public/dist/img/qq/20.gif
INFO: [ app_init ] --START--
INFO: Run Behavior\BuildLiteBehavior [ RunTime:0.000064s ]
INFO: [ app_init ] --END-- [ RunTime:0.001439s ]
ERR: 无法加载模块:Public

[ 2017-05-19T20:51:49+08:00 ] ::1 /Campus/index.php/Public/dist/img/qq/21.gif
INFO: [ app_init ] --START--
INFO: Run Behavior\BuildLiteBehavior [ RunTime:0.000067s ]
INFO: [ app_init ] --END-- [ RunTime:0.001297s ]
ERR: 无法加载模块:Public

[ 2017-05-19T20:51:49+08:00 ] ::1 /Campus/index.php/Public/dist/img/qq/22.gif
INFO: [ app_init ] --START--
INFO: Run Behavior\BuildLiteBehavior [ RunTime:0.000075s ]
INFO: [ app_init ] --END-- [ RunTime:0.001207s ]
ERR: 无法加载模块:Public

[ 2017-05-19T20:51:49+08:00 ] ::1 /Campus/index.php/Public/dist/img/qq/17.gif
INFO: [ app_init ] --START--
INFO: Run Behavior\BuildLiteBehavior [ RunTime:0.000065s ]
INFO: [ app_init ] --END-- [ RunTime:0.001399s ]
ERR: 无法加载模块:Public

[ 2017-05-19T20:51:49+08:00 ] ::1 /Campus/index.php/Public/dist/img/qq/26.gif
INFO: [ app_init ] --START--
INFO: Run Behavior\BuildLiteBehavior [ RunTime:0.000066s ]
INFO: [ app_init ] --END-- [ RunTime:0.004009s ]
ERR: 无法加载模块:Public

[ 2017-05-19T20:51:49+08:00 ] ::1 /Campus/index.php/Public/dist/img/qq/27.gif
INFO: [ app_init ] --START--
INFO: Run Behavior\BuildLiteBehavior [ RunTime:0.000072s ]
INFO: [ app_init ] --END-- [ RunTime:0.002239s ]
ERR: 无法加载模块:Public

[ 2017-05-19T20:51:49+08:00 ] ::1 /Campus/index.php/Public/dist/img/qq/23.gif
INFO: [ app_init ] --START--
INFO: Run Behavior\BuildLiteBehavior [ RunTime:0.000065s ]
INFO: [ app_init ] --END-- [ RunTime:0.001693s ]
ERR: 无法加载模块:Public

[ 2017-05-19T20:51:49+08:00 ] ::1 /Campus/index.php/Public/dist/img/qq/28.gif
INFO: [ app_init ] --START--
INFO: Run Behavior\BuildLiteBehavior [ RunTime:0.000122s ]
INFO: [ app_init ] --END-- [ RunTime:0.002039s ]
ERR: 无法加载模块:Public

[ 2017-05-19T20:51:49+08:00 ] ::1 /Campus/index.php/Public/dist/img/qq/24.gif
INFO: [ app_init ] --START--
INFO: Run Behavior\BuildLiteBehavior [ RunTime:0.000065s ]
INFO: [ app_init ] --END-- [ RunTime:0.001263s ]
ERR: 无法加载模块:Public

[ 2017-05-19T20:51:49+08:00 ] ::1 /Campus/index.php/Public/dist/img/qq/30.gif
INFO: [ app_init ] --START--
INFO: Run Behavior\BuildLiteBehavior [ RunTime:0.000066s ]
INFO: [ app_init ] --END-- [ RunTime:0.001618s ]
ERR: 无法加载模块:Public

[ 2017-05-19T20:51:49+08:00 ] ::1 /Campus/index.php/Public/dist/img/qq/31.gif
INFO: [ app_init ] --START--
INFO: Run Behavior\BuildLiteBehavior [ RunTime:0.000062s ]
INFO: [ app_init ] --END-- [ RunTime:0.001375s ]
ERR: 无法加载模块:Public

[ 2017-05-19T20:51:49+08:00 ] ::1 /Campus/index.php/Public/dist/img/qq/29.gif
INFO: [ app_init ] --START--
INFO: Run Behavior\BuildLiteBehavior [ RunTime:0.000064s ]
INFO: [ app_init ] --END-- [ RunTime:0.001186s ]
ERR: 无法加载模块:Public

[ 2017-05-19T20:51:49+08:00 ] ::1 /Campus/index.php/Public/dist/img/qq/18.gif
INFO: [ app_init ] --START--
INFO: Run Behavior\BuildLiteBehavior [ RunTime:0.000173s ]
INFO: [ app_init ] --END-- [ RunTime:0.013413s ]
ERR: 无法加载模块:Public

[ 2017-05-19T20:51:49+08:00 ] ::1 /Campus/index.php/Public/dist/img/qq/35.gif
INFO: [ app_init ] --START--
INFO: Run Behavior\BuildLiteBehavior [ RunTime:0.000060s ]
INFO: [ app_init ] --END-- [ RunTime:0.001291s ]
ERR: 无法加载模块:Public

[ 2017-05-19T20:51:49+08:00 ] ::1 /Campus/index.php/Public/dist/img/qq/36.gif
INFO: [ app_init ] --START--
INFO: Run Behavior\BuildLiteBehavior [ RunTime:0.000059s ]
INFO: [ app_init ] --END-- [ RunTime:0.002047s ]
ERR: 无法加载模块:Public

[ 2017-05-19T20:51:49+08:00 ] ::1 /Campus/index.php/Public/dist/img/qq/33.gif
INFO: [ app_init ] --START--
INFO: Run Behavior\BuildLiteBehavior [ RunTime:0.000069s ]
INFO: [ app_init ] --END-- [ RunTime:0.001602s ]
ERR: 无法加载模块:Public

[ 2017-05-19T20:51:49+08:00 ] ::1 /Campus/index.php/Public/dist/img/qq/37.gif
INFO: [ app_init ] --START--
INFO: Run Behavior\BuildLiteBehavior [ RunTime:0.000474s ]
INFO: [ app_init ] --END-- [ RunTime:0.002447s ]
ERR: 无法加载模块:Public

[ 2017-05-19T20:51:49+08:00 ] ::1 /Campus/index.php/Public/dist/img/qq/38.gif
INFO: [ app_init ] --START--
INFO: Run Behavior\BuildLiteBehavior [ RunTime:0.000066s ]
INFO: [ app_init ] --END-- [ RunTime:0.001361s ]
ERR: 无法加载模块:Public

[ 2017-05-19T20:51:49+08:00 ] ::1 /Campus/index.php/Public/dist/img/qq/40.gif
INFO: [ app_init ] --START--
INFO: Run Behavior\BuildLiteBehavior [ RunTime:0.000093s ]
INFO: [ app_init ] --END-- [ RunTime:0.001332s ]
ERR: 无法加载模块:Public

[ 2017-05-19T20:51:49+08:00 ] ::1 /Campus/index.php/Public/dist/img/qq/42.gif
INFO: [ app_init ] --START--
INFO: Run Behavior\BuildLiteBehavior [ RunTime:0.000066s ]
INFO: [ app_init ] --END-- [ RunTime:0.002411s ]
ERR: 无法加载模块:Public

[ 2017-05-19T20:51:49+08:00 ] ::1 /Campus/index.php/Public/dist/img/qq/34.gif
INFO: [ app_init ] --START--
INFO: Run Behavior\BuildLiteBehavior [ RunTime:0.000067s ]
INFO: [ app_init ] --END-- [ RunTime:0.001267s ]
ERR: 无法加载模块:Public

[ 2017-05-19T20:51:49+08:00 ] ::1 /Campus/index.php/Public/dist/img/qq/25.gif
INFO: [ app_init ] --START--
INFO: Run Behavior\BuildLiteBehavior [ RunTime:0.000065s ]
INFO: [ app_init ] --END-- [ RunTime:0.001274s ]
ERR: 无法加载模块:Public

[ 2017-05-19T20:51:49+08:00 ] ::1 /Campus/index.php/Public/dist/img/qq/32.gif
INFO: [ app_init ] --START--
INFO: Run Behavior\BuildLiteBehavior [ RunTime:0.000061s ]
INFO: [ app_init ] --END-- [ RunTime:0.001159s ]
ERR: 无法加载模块:Public

[ 2017-05-19T20:51:49+08:00 ] ::1 /Campus/index.php/Public/dist/img/qq/46.gif
INFO: [ app_init ] --START--
INFO: Run Behavior\BuildLiteBehavior [ RunTime:0.000065s ]
INFO: [ app_init ] --END-- [ RunTime:0.001157s ]
ERR: 无法加载模块:Public

[ 2017-05-19T20:51:49+08:00 ] ::1 /Campus/index.php/Public/dist/img/qq/44.gif
INFO: [ app_init ] --START--
INFO: Run Behavior\BuildLiteBehavior [ RunTime:0.000064s ]
INFO: [ app_init ] --END-- [ RunTime:0.001174s ]
ERR: 无法加载模块:Public

[ 2017-05-19T20:51:49+08:00 ] ::1 /Campus/index.php/Public/dist/img/qq/47.gif
INFO: [ app_init ] --START--
INFO: Run Behavior\BuildLiteBehavior [ RunTime:0.000061s ]
INFO: [ app_init ] --END-- [ RunTime:0.001272s ]
ERR: 无法加载模块:Public

[ 2017-05-19T20:51:49+08:00 ] ::1 /Campus/index.php/Public/dist/img/qq/39.gif
INFO: [ app_init ] --START--
INFO: Run Behavior\BuildLiteBehavior [ RunTime:0.000159s ]
INFO: [ app_init ] --END-- [ RunTime:0.013310s ]
ERR: 无法加载模块:Public

[ 2017-05-19T20:51:49+08:00 ] ::1 /Campus/index.php/Public/dist/img/qq/49.gif
INFO: [ app_init ] --START--
INFO: Run Behavior\BuildLiteBehavior [ RunTime:0.000064s ]
INFO: [ app_init ] --END-- [ RunTime:0.001196s ]
ERR: 无法加载模块:Public

[ 2017-05-19T20:51:49+08:00 ] ::1 /Campus/index.php/Public/dist/img/qq/50.gif
INFO: [ app_init ] --START--
INFO: Run Behavior\BuildLiteBehavior [ RunTime:0.000062s ]
INFO: [ app_init ] --END-- [ RunTime:0.001156s ]
ERR: 无法加载模块:Public

[ 2017-05-19T20:51:49+08:00 ] ::1 /Campus/index.php/Public/dist/img/qq/48.gif
INFO: [ app_init ] --START--
INFO: Run Behavior\BuildLiteBehavior [ RunTime:0.000066s ]
INFO: [ app_init ] --END-- [ RunTime:0.001357s ]
ERR: 无法加载模块:Public

[ 2017-05-19T20:51:49+08:00 ] ::1 /Campus/index.php/Public/dist/img/qq/55.gif
INFO: [ app_init ] --START--
INFO: Run Behavior\BuildLiteBehavior [ RunTime:0.000063s ]
INFO: [ app_init ] --END-- [ RunTime:0.001361s ]
ERR: 无法加载模块:Public

[ 2017-05-19T20:51:49+08:00 ] ::1 /Campus/index.php/Public/dist/img/qq/43.gif
INFO: [ app_init ] --START--
INFO: Run Behavior\BuildLiteBehavior [ RunTime:0.000074s ]
INFO: [ app_init ] --END-- [ RunTime:0.001448s ]
ERR: 无法加载模块:Public

[ 2017-05-19T20:51:49+08:00 ] ::1 /Campus/index.php/Public/dist/img/qq/51.gif
INFO: [ app_init ] --START--
INFO: Run Behavior\BuildLiteBehavior [ RunTime:0.000068s ]
INFO: [ app_init ] --END-- [ RunTime:0.001269s ]
ERR: 无法加载模块:Public

[ 2017-05-19T20:51:49+08:00 ] ::1 /Campus/index.php/Public/dist/img/qq/56.gif
INFO: [ app_init ] --START--
INFO: Run Behavior\BuildLiteBehavior [ RunTime:0.000063s ]
INFO: [ app_init ] --END-- [ RunTime:0.001140s ]
ERR: 无法加载模块:Public

[ 2017-05-19T20:51:49+08:00 ] ::1 /Campus/index.php/Public/dist/img/qq/57.gif
INFO: [ app_init ] --START--
INFO: Run Behavior\BuildLiteBehavior [ RunTime:0.000070s ]
INFO: [ app_init ] --END-- [ RunTime:0.001693s ]
ERR: 无法加载模块:Public

[ 2017-05-19T20:51:49+08:00 ] ::1 /Campus/index.php/Public/dist/img/qq/52.gif
INFO: [ app_init ] --START--
INFO: Run Behavior\BuildLiteBehavior [ RunTime:0.000065s ]
INFO: [ app_init ] --END-- [ RunTime:0.013509s ]
ERR: 无法加载模块:Public

[ 2017-05-19T20:51:49+08:00 ] ::1 /Campus/index.php/Public/dist/img/qq/59.gif
INFO: [ app_init ] --START--
INFO: Run Behavior\BuildLiteBehavior [ RunTime:0.000073s ]
INFO: [ app_init ] --END-- [ RunTime:0.007009s ]
ERR: 无法加载模块:Public

[ 2017-05-19T20:51:49+08:00 ] ::1 /Campus/index.php/Public/dist/img/qq/60.gif
INFO: [ app_init ] --START--
INFO: Run Behavior\BuildLiteBehavior [ RunTime:0.000064s ]
INFO: [ app_init ] --END-- [ RunTime:0.001854s ]
ERR: 无法加载模块:Public

[ 2017-05-19T20:51:49+08:00 ] ::1 /Campus/index.php/Public/dist/img/qq/61.gif
INFO: [ app_init ] --START--
INFO: Run Behavior\BuildLiteBehavior [ RunTime:0.000064s ]
INFO: [ app_init ] --END-- [ RunTime:0.001150s ]
ERR: 无法加载模块:Public

[ 2017-05-19T20:51:49+08:00 ] ::1 /Campus/index.php/Public/dist/img/qq/63.gif
INFO: [ app_init ] --START--
INFO: Run Behavior\BuildLiteBehavior [ RunTime:0.000065s ]
INFO: [ app_init ] --END-- [ RunTime:0.001206s ]
ERR: 无法加载模块:Public

[ 2017-05-19T20:51:49+08:00 ] ::1 /Campus/index.php/Public/dist/img/qq/53.gif
INFO: [ app_init ] --START--
INFO: Run Behavior\BuildLiteBehavior [ RunTime:0.000064s ]
INFO: [ app_init ] --END-- [ RunTime:0.001274s ]
ERR: 无法加载模块:Public

[ 2017-05-19T20:51:49+08:00 ] ::1 /Campus/index.php/Public/dist/img/qq/58.gif
INFO: [ app_init ] --START--
INFO: Run Behavior\BuildLiteBehavior [ RunTime:0.000070s ]
INFO: [ app_init ] --END-- [ RunTime:0.001785s ]
ERR: 无法加载模块:Public

[ 2017-05-19T20:51:49+08:00 ] ::1 /Campus/index.php/Public/dist/img/qq/65.gif
INFO: [ app_init ] --START--
INFO: Run Behavior\BuildLiteBehavior [ RunTime:0.000069s ]
INFO: [ app_init ] --END-- [ RunTime:0.001250s ]
ERR: 无法加载模块:Public

[ 2017-05-19T20:51:49+08:00 ] ::1 /Campus/index.php/Public/dist/img/qq/67.gif
INFO: [ app_init ] --START--
INFO: Run Behavior\BuildLiteBehavior [ RunTime:0.000063s ]
INFO: [ app_init ] --END-- [ RunTime:0.001171s ]
ERR: 无法加载模块:Public

[ 2017-05-19T20:51:49+08:00 ] ::1 /Campus/index.php/Public/dist/img/qq/69.gif
INFO: [ app_init ] --START--
INFO: Run Behavior\BuildLiteBehavior [ RunTime:0.000070s ]
INFO: [ app_init ] --END-- [ RunTime:0.001663s ]
ERR: 无法加载模块:Public

[ 2017-05-19T20:51:49+08:00 ] ::1 /Campus/index.php/Public/dist/img/qq/68.gif
INFO: [ app_init ] --START--
INFO: Run Behavior\BuildLiteBehavior [ RunTime:0.000061s ]
INFO: [ app_init ] --END-- [ RunTime:0.001174s ]
ERR: 无法加载模块:Public

[ 2017-05-19T20:51:49+08:00 ] ::1 /Campus/index.php/Public/dist/img/qq/64.gif
INFO: [ app_init ] --START--
INFO: Run Behavior\BuildLiteBehavior [ RunTime:0.000095s ]
INFO: [ app_init ] --END-- [ RunTime:0.006564s ]
ERR: 无法加载模块:Public

[ 2017-05-19T20:51:49+08:00 ] ::1 /Campus/index.php/Public/dist/img/qq/62.gif
INFO: [ app_init ] --START--
INFO: Run Behavior\BuildLiteBehavior [ RunTime:0.000064s ]
INFO: [ app_init ] --END-- [ RunTime:0.054304s ]
ERR: 无法加载模块:Public

[ 2017-05-19T20:51:50+08:00 ] ::1 /Campus/index.php/Public/dist/img/qq/71.gif
INFO: [ app_init ] --START--
INFO: Run Behavior\BuildLiteBehavior [ RunTime:0.000067s ]
INFO: [ app_init ] --END-- [ RunTime:0.002011s ]
ERR: 无法加载模块:Public

[ 2017-05-19T20:51:50+08:00 ] ::1 /Campus/index.php/Public/dist/img/qq/72.gif
INFO: [ app_init ] --START--
INFO: Run Behavior\BuildLiteBehavior [ RunTime:0.000061s ]
INFO: [ app_init ] --END-- [ RunTime:0.001921s ]
ERR: 无法加载模块:Public

[ 2017-05-19T20:51:50+08:00 ] ::1 /Campus/index.php/Public/dist/img/qq/74.gif
INFO: [ app_init ] --START--
INFO: Run Behavior\BuildLiteBehavior [ RunTime:0.000070s ]
INFO: [ app_init ] --END-- [ RunTime:0.001710s ]
ERR: 无法加载模块:Public

[ 2017-05-19T20:51:50+08:00 ] ::1 /Campus/index.php/Public/dist/img/qq/66.gif
INFO: [ app_init ] --START--
INFO: Run Behavior\BuildLiteBehavior [ RunTime:0.000065s ]
INFO: [ app_init ] --END-- [ RunTime:0.019552s ]
ERR: 无法加载模块:Public

[ 2017-05-19T20:51:50+08:00 ] ::1 /Campus/index.php/Public/dist/img/qq/70.gif
INFO: [ app_init ] --START--
INFO: Run Behavior\BuildLiteBehavior [ RunTime:0.000069s ]
INFO: [ app_init ] --END-- [ RunTime:0.012537s ]
ERR: 无法加载模块:Public

[ 2017-05-19T20:51:50+08:00 ] ::1 /Campus/index.php/Public/dist/img/qq/76.gif
INFO: [ app_init ] --START--
INFO: Run Behavior\BuildLiteBehavior [ RunTime:0.000064s ]
INFO: [ app_init ] --END-- [ RunTime:0.003719s ]
ERR: 无法加载模块:Public

[ 2017-05-19T20:51:50+08:00 ] ::1 /Campus/index.php/Public/dist/img/qq/78.gif
INFO: [ app_init ] --START--
INFO: Run Behavior\BuildLiteBehavior [ RunTime:0.000098s ]
INFO: [ app_init ] --END-- [ RunTime:0.001215s ]
ERR: 无法加载模块:Public

[ 2017-05-19T20:51:50+08:00 ] ::1 /Campus/index.php/Public/dist/img/qq/77.gif
INFO: [ app_init ] --START--
INFO: Run Behavior\BuildLiteBehavior [ RunTime:0.000067s ]
INFO: [ app_init ] --END-- [ RunTime:0.001328s ]
ERR: 无法加载模块:Public

[ 2017-05-19T20:51:50+08:00 ] ::1 /Campus/index.php/Public/dist/img/qq/80.gif
INFO: [ app_init ] --START--
INFO: Run Behavior\BuildLiteBehavior [ RunTime:0.000067s ]
INFO: [ app_init ] --END-- [ RunTime:0.001358s ]
ERR: 无法加载模块:Public

[ 2017-05-19T20:51:50+08:00 ] ::1 /Campus/index.php/Public/dist/img/qq/81.gif
INFO: [ app_init ] --START--
INFO: Run Behavior\BuildLiteBehavior [ RunTime:0.000064s ]
INFO: [ app_init ] --END-- [ RunTime:0.001262s ]
ERR: 无法加载模块:Public

[ 2017-05-19T20:51:50+08:00 ] ::1 /Campus/index.php/Public/dist/img/qq/82.gif
INFO: [ app_init ] --START--
INFO: Run Behavior\BuildLiteBehavior [ RunTime:0.000066s ]
INFO: [ app_init ] --END-- [ RunTime:0.001479s ]
ERR: 无法加载模块:Public

[ 2017-05-19T20:51:50+08:00 ] ::1 /Campus/index.php/Public/dist/img/qq/79.gif
INFO: [ app_init ] --START--
INFO: Run Behavior\BuildLiteBehavior [ RunTime:0.000069s ]
INFO: [ app_init ] --END-- [ RunTime:0.001901s ]
ERR: 无法加载模块:Public

[ 2017-05-19T20:51:50+08:00 ] ::1 /Campus/index.php/Public/dist/img/qq/83.gif
INFO: [ app_init ] --START--
INFO: Run Behavior\BuildLiteBehavior [ RunTime:0.000069s ]
INFO: [ app_init ] --END-- [ RunTime:0.001354s ]
ERR: 无法加载模块:Public

[ 2017-05-19T20:51:50+08:00 ] ::1 /Campus/index.php/Public/dist/img/qq/84.gif
INFO: [ app_init ] --START--
INFO: Run Behavior\BuildLiteBehavior [ RunTime:0.000063s ]
INFO: [ app_init ] --END-- [ RunTime:0.001390s ]
ERR: 无法加载模块:Public

[ 2017-05-19T20:51:50+08:00 ] ::1 /Campus/index.php/Public/dist/img/qq/73.gif
INFO: [ app_init ] --START--
INFO: Run Behavior\BuildLiteBehavior [ RunTime:0.000068s ]
INFO: [ app_init ] --END-- [ RunTime:0.001344s ]
ERR: 无法加载模块:Public

[ 2017-05-19T20:51:50+08:00 ] ::1 /Campus/index.php/Public/dist/img/qq/75.gif
INFO: [ app_init ] --START--
INFO: Run Behavior\BuildLiteBehavior [ RunTime:0.000080s ]
INFO: [ app_init ] --END-- [ RunTime:0.001436s ]
ERR: 无法加载模块:Public

[ 2017-05-19T20:51:50+08:00 ] ::1 /Campus/index.php/Public/dist/img/qq/88.gif
INFO: [ app_init ] --START--
INFO: Run Behavior\BuildLiteBehavior [ RunTime:0.000095s ]
INFO: [ app_init ] --END-- [ RunTime:0.001277s ]
ERR: 无法加载模块:Public

[ 2017-05-19T20:51:50+08:00 ] ::1 /Campus/index.php/Public/dist/img/qq/89.gif
INFO: [ app_init ] --START--
INFO: Run Behavior\BuildLiteBehavior [ RunTime:0.000065s ]
INFO: [ app_init ] --END-- [ RunTime:0.001825s ]
ERR: 无法加载模块:Public

[ 2017-05-19T20:51:50+08:00 ] ::1 /Campus/index.php/Public/dist/img/qq/90.gif
INFO: [ app_init ] --START--
INFO: Run Behavior\BuildLiteBehavior [ RunTime:0.000116s ]
INFO: [ app_init ] --END-- [ RunTime:0.001715s ]
ERR: 无法加载模块:Public

[ 2017-05-19T20:51:50+08:00 ] ::1 /Campus/index.php/Public/dist/img/qq/91.gif
INFO: [ app_init ] --START--
INFO: Run Behavior\BuildLiteBehavior [ RunTime:0.000066s ]
INFO: [ app_init ] --END-- [ RunTime:0.001140s ]
ERR: 无法加载模块:Public

[ 2017-05-19T20:51:50+08:00 ] ::1 /Campus/index.php/Public/dist/img/qq/85.gif
INFO: [ app_init ] --START--
INFO: Run Behavior\BuildLiteBehavior [ RunTime:0.000097s ]
INFO: [ app_init ] --END-- [ RunTime:0.001271s ]
ERR: 无法加载模块:Public

[ 2017-05-19T20:51:50+08:00 ] ::1 /Campus/index.php/Public/dist/img/qq/87.gif
INFO: [ app_init ] --START--
INFO: Run Behavior\BuildLiteBehavior [ RunTime:0.000069s ]
INFO: [ app_init ] --END-- [ RunTime:0.001215s ]
ERR: 无法加载模块:Public

[ 2017-05-19T20:51:50+08:00 ] ::1 /Campus/index.php/Public/dist/img/qq/86.gif
INFO: [ app_init ] --START--
INFO: Run Behavior\BuildLiteBehavior [ RunTime:0.000071s ]
INFO: [ app_init ] --END-- [ RunTime:0.001162s ]
ERR: 无法加载模块:Public

